<instance id="1">
<answer instance="1" senseid="s1">
</instance>
<instance id="2">
<answer instance="2" senseid="s2">
</instance>
<instance id="3">
<answer instance="3" senseid="s1">
</instance>
<instance id="4">
<answer instance="4" senseid="s3">
</instance>
<instance id="5">
<answer instance="5" senseid="s2">
</instance>
<instance id="6">
<answer instance="6" senseid="s1">
</instance>
<instance id="7">
<answer instance="7" senseid="s1">
</instance>
<instance id="8">
<answer instance="8" senseid="s2">
</instance>
